2021-06-03 11:19:00.274  INFO 20155 --- [main] c.h.a.c.CustomScannersServiceApplication : Starting CustomScannersServiceApplication on polilinux with PID 20155 (/home/administrador/.vscode/extensions/hcltechnologies.hclappscancodesweep-1.1.4/lib/custom-scanners-service-1.0.11.jar started by administrador in /home/administrador/laboratorios/aws_ec2)
2021-06-03 11:19:00.333  INFO 20155 --- [main] c.h.a.c.CustomScannersServiceApplication : No active profile set, falling back to default profiles: default
2021-06-03 11:19:02.478  INFO 20155 --- [main] o.s.b.w.embedded.tomcat.TomcatWebServer  : Tomcat initialized with port(s): 9221 (http)
2021-06-03 11:19:02.488  INFO 20155 --- [main] o.apache.catalina.core.StandardService   : Starting service [Tomcat]
2021-06-03 11:19:02.489  INFO 20155 --- [main] org.apache.catalina.core.StandardEngine  : Starting Servlet engine: [Apache Tomcat/9.0.29]
2021-06-03 11:19:02.581  INFO 20155 --- [main] o.a.c.c.C.[Tomcat].[localhost].[/]       : Initializing Spring embedded WebApplicationContext
2021-06-03 11:19:02.581 DEBUG 20155 --- [main] o.s.web.context.ContextLoader            : Published root WebApplicationContext as ServletContext attribute with name [org.springframework.web.context.WebApplicationContext.ROOT]
2021-06-03 11:19:02.582  INFO 20155 --- [main] o.s.web.context.ContextLoader            : Root WebApplicationContext: initialization completed in 2160 ms
2021-06-03 11:19:02.817 DEBUG 20155 --- [main] o.s.b.w.s.ServletContextInitializerBeans : Mapping filters: filterRegistrationBean urls=[/*] order=-2147483647, characterEncodingFilter urls=[/*] order=-2147483648, formContentFilter urls=[/*] order=-9900, requestContextFilter urls=[/*] order=-105
2021-06-03 11:19:02.817 DEBUG 20155 --- [main] o.s.b.w.s.ServletContextInitializerBeans : Mapping servlets: dispatcherServlet urls=[/]
2021-06-03 11:19:03.581 DEBUG 20155 --- [main] s.w.s.m.m.a.RequestMappingHandlerMapping : 19 mappings in 'requestMappingHandlerMapping'
2021-06-03 11:19:03.647  INFO 20155 --- [main] o.s.b.a.e.web.EndpointLinksResolver      : Exposing 2 endpoint(s) beneath base path '/actuator'
2021-06-03 11:19:03.749  INFO 20155 --- [main] pertySourcedRequestMappingHandlerMapping : Mapped URL path [/v2/api-docs] onto method [springfox.documentation.swagger2.web.Swagger2Controller#getDocumentation(String, HttpServletRequest)]
2021-06-03 11:19:03.866  INFO 20155 --- [main] o.s.s.concurrent.ThreadPoolTaskExecutor  : Initializing ExecutorService 'applicationTaskExecutor'
2021-06-03 11:19:03.889 DEBUG 20155 --- [main] s.w.s.m.m.a.RequestMappingHandlerAdapter : ControllerAdvice beans: 0 @ModelAttribute, 0 @InitBinder, 1 RequestBodyAdvice, 1 ResponseBodyAdvice
2021-06-03 11:19:04.033 DEBUG 20155 --- [main] o.s.w.s.handler.SimpleUrlHandlerMapping  : Patterns [/webjars/**, /**] in 'resourceHandlerMapping'
2021-06-03 11:19:04.053 DEBUG 20155 --- [main] .m.m.a.ExceptionHandlerExceptionResolver : ControllerAdvice beans: 1 @ExceptionHandler, 1 ResponseBodyAdvice
2021-06-03 11:19:04.145  INFO 20155 --- [main] d.s.w.p.DocumentationPluginsBootstrapper : Context refreshed
2021-06-03 11:19:04.173  INFO 20155 --- [main] d.s.w.p.DocumentationPluginsBootstrapper : Found 1 custom documentation plugin(s)
2021-06-03 11:19:04.252  INFO 20155 --- [main] s.d.s.w.s.ApiListingReferenceScanner     : Scanning for api listing references
2021-06-03 11:19:04.668  INFO 20155 --- [main] o.s.b.w.embedded.tomcat.TomcatWebServer  : Tomcat started on port(s): 9221 (http) with context path ''
2021-06-03 11:19:04.676  INFO 20155 --- [main] c.h.a.c.CustomScannersServiceApplication : Started CustomScannersServiceApplication in 5.212 seconds (JVM running for 5.912)
2021-06-03 11:19:04.807  INFO 20155 --- [http-nio-9221-exec-1] o.a.c.c.C.[Tomcat].[localhost].[/]       : Initializing Spring DispatcherServlet 'dispatcherServlet'
2021-06-03 11:19:04.809  INFO 20155 --- [http-nio-9221-exec-1] o.s.web.servlet.DispatcherServlet        : Initializing Servlet 'dispatcherServlet'
2021-06-03 11:19:04.810 DEBUG 20155 --- [http-nio-9221-exec-1] o.s.web.servlet.DispatcherServlet        : Detected StandardServletMultipartResolver
2021-06-03 11:19:04.822 DEBUG 20155 --- [http-nio-9221-exec-1] o.s.web.servlet.DispatcherServlet        : enableLoggingRequestDetails='false': request parameters and headers will be masked to prevent unsafe logging of potentially sensitive data
2021-06-03 11:19:04.822  INFO 20155 --- [http-nio-9221-exec-1] o.s.web.servlet.DispatcherServlet        : Completed initialization in 13 ms
2021-06-03 11:19:04.836 DEBUG 20155 --- [http-nio-9221-exec-1] o.s.web.servlet.DispatcherServlet        : GET "/v1/scanRules", parameters={}
2021-06-03 11:19:04.845 DEBUG 20155 --- [http-nio-9221-exec-1] s.w.s.m.m.a.RequestMappingHandlerMapping : Mapped to com.hcl.appscan.customscannersservice.controller.CustomScannersController#getScanRules(String[])
2021-06-03 11:19:04.878 DEBUG 20155 --- [http-nio-9221-exec-1] o.s.w.s.m.m.a.HttpEntityMethodProcessor  : Using 'application/json', given [application/json] and supported [application/json]
2021-06-03 11:19:04.887 DEBUG 20155 --- [http-nio-9221-exec-1] o.s.w.s.m.m.a.HttpEntityMethodProcessor  : Writing [{Golang={com.ouncelabs.languagelite.golang.rules.WeakCryptoGolang=CustomScannersServiceScanRule{rule (truncated)...]
2021-06-03 11:19:04.930 DEBUG 20155 --- [http-nio-9221-exec-1] o.s.web.servlet.DispatcherServlet        : Completed 200 OK
2021-06-03 11:20:29.564 DEBUG 20155 --- [http-nio-9221-exec-2] o.s.web.servlet.DispatcherServlet        : POST "/v1/scanFile", parameters={masked}
2021-06-03 11:20:29.568 DEBUG 20155 --- [http-nio-9221-exec-2] s.w.s.m.m.a.RequestMappingHandlerMapping : Mapped to com.hcl.appscan.customscannersservice.controller.CustomScannersController#runScanFile(MultipartFile, String, int[])
2021-06-03 11:20:29.577 DEBUG 20155 --- [http-nio-9221-exec-2] .m.m.a.ExceptionHandlerExceptionResolver : Using @ExceptionHandler com.hcl.appscan.customscannersservice.controller.CustomScannersControllerAdvice#handleInvalidArgument(IllegalArgumentException)
2021-06-03 11:20:29.580 DEBUG 20155 --- [http-nio-9221-exec-2] o.s.w.s.m.m.a.HttpEntityMethodProcessor  : Using 'application/json', given [application/json] and supported [application/json, application/*+json, application/json, application/*+json]
2021-06-03 11:20:29.581 DEBUG 20155 --- [http-nio-9221-exec-2] o.s.w.s.m.m.a.HttpEntityMethodProcessor  : Writing [com.hcl.appscan.customscannersservice.controller.CustomScannersControllerAdvice$ErrorMessage@3fbaa36 (truncated)...]
2021-06-03 11:20:29.583 DEBUG 20155 --- [http-nio-9221-exec-2] .m.m.a.ExceptionHandlerExceptionResolver : Resolved [java.lang.IllegalArgumentException: A seguinte extensão de arquivo não é compatível: tf]
2021-06-03 11:20:29.584 DEBUG 20155 --- [http-nio-9221-exec-2] o.s.web.servlet.DispatcherServlet        : Completed 422 UNPROCESSABLE_ENTITY
